<?xml version="1.0" encoding="UTF-8"?>
<!-- Generated by org.testng.reporters.JUnitReportReporter -->
<testsuite hostname="LAPTOP-INFITVQT" failures="0" tests="5" name="com.nexsoft.cicool.TestLoginFunction" time="14.369" errors="0" timestamp="2022-06-15T22:32:50 WIB" skipped="0">
  <testcase classname="com.nexsoft.cicool.TestLoginFunction" name="testLoginWithValidUserAndPassword" time="3.734"/>
  <system-out>
    <![CDATA[<img src='file://D:\TugasLogin\Screenshot\20220615_223239.png'height="500" width="1100"/>]]>
  </system-out>
  <testcase classname="com.nexsoft.cicool.TestLoginFunction" name="testLoginWithValidUserAndInvalidPassword" time="3.521"/>
  <system-out>
    <![CDATA[<img src='file://D:\TugasLogin\Screenshot\20220615_223243.png'height="500" width="1100"/>]]>
  </system-out>
  <testcase classname="com.nexsoft.cicool.TestLoginFunction" name="testLoginWithInvalidUserAndValidPassword" time="2.450"/>
  <system-out>
    <![CDATA[<img src='file://D:\TugasLogin\Screenshot\20220615_223245.png'height="500" width="1100"/>]]>
  </system-out>
  <testcase classname="com.nexsoft.cicool.TestLoginFunction" name="testLoginWithEmptyUserAndPassword" time="2.515"/>
  <system-out>
    <![CDATA[<img src='file://D:\TugasLogin\Screenshot\20220615_223248.png'height="500" width="1100"/>]]>
  </system-out>
  <testcase classname="com.nexsoft.cicool.TestLoginFunction" name="testLoginForgotPassword" time="2.149"/>
  <system-out>
    <![CDATA[<img src='file://D:\TugasLogin\Screenshot\20220615_223250.png'height="500" width="1100"/>]]>
  </system-out>
</testsuite> <!-- com.nexsoft.cicool.TestLoginFunction -->
