<?xml version="1.0" encoding="UTF-8"?>
<!-- Generated by org.testng.reporters.JUnitReportReporter -->
<testsuite hostname="LAPTOP-INFITVQT" failures="0" tests="13" name="com.nexsoft.examweek4.TestRegisterAndLogin" time="38.411" errors="0" timestamp="2022-06-17T15:22:46 WIB" skipped="0">
  <testcase classname="com.nexsoft.examweek4.TestRegisterAndLogin" name="testButtonEnterTheStore" time="2.921"/>
  <system-out>
    <![CDATA[<img src='file://D:\ExamWeek4\Screenshot\20220617_152210.png'height="500" width="1100"/>]]>
  </system-out>
  <testcase classname="com.nexsoft.examweek4.TestRegisterAndLogin" name="testButtonSignIn" time="2.747"/>
  <system-out>
    <![CDATA[<img src='file://D:\ExamWeek4\Screenshot\20220617_152213.png'height="500" width="1100"/>]]>
  </system-out>
  <testcase classname="com.nexsoft.examweek4.TestRegisterAndLogin" name="testButtonRegisterNow" time="3.062"/>
  <system-out>
    <![CDATA[<img src='file://D:\ExamWeek4\Screenshot\20220617_152216.png'height="500" width="1100"/>]]>
  </system-out>
  <testcase classname="com.nexsoft.examweek4.TestRegisterAndLogin" name="testRegisterWithValidUserInformation" time="5.008"/>
  <system-out>
    <![CDATA[<img src='file://D:\ExamWeek4\Screenshot\20220617_152221.png'height="500" width="1100"/>]]>
  </system-out>
  <testcase classname="com.nexsoft.examweek4.TestRegisterAndLogin" name="testRegisterEmailYangSudahTerdaftar" time="4.902"/>
  <system-out>
    <![CDATA[<img src='file://D:\ExamWeek4\Screenshot\20220617_152226.png'height="500" width="1100"/>]]>
  </system-out>
  <testcase classname="com.nexsoft.examweek4.TestRegisterAndLogin" name="testRegisterUserIdYangSudahTerdaftar" time="5.043"/>
  <system-out>
    <![CDATA[<img src='file://D:\ExamWeek4\Screenshot\20220617_152231.png'height="500" width="1100"/>]]>
  </system-out>
  <testcase classname="com.nexsoft.examweek4.TestRegisterAndLogin" name="testLoginWithValidUserAndPassword" time="3.926"/>
  <system-out>
    <![CDATA[<img src='file://D:\ExamWeek4\Screenshot\20220617_152234.png'height="500" width="1100"/>]]>
  </system-out>
  <testcase classname="com.nexsoft.examweek4.TestRegisterAndLogin" name="testLoginWithValidUserAndInvalidPassword" time="1.813"/>
  <system-out>
    <![CDATA[<img src='file://D:\ExamWeek4\Screenshot\20220617_152237.png'height="500" width="1100"/>]]>
  </system-out>
  <testcase classname="com.nexsoft.examweek4.TestRegisterAndLogin" name="testLoginWithInvalidUserAndValidPassword" time="1.757"/>
  <system-out>
    <![CDATA[<img src='file://D:\ExamWeek4\Screenshot\20220617_152238.png'height="500" width="1100"/>]]>
  </system-out>
  <testcase classname="com.nexsoft.examweek4.TestRegisterAndLogin" name="testLoginWithInvalidUserAndInvalidPassword" time="1.748"/>
  <system-out>
    <![CDATA[<img src='file://D:\ExamWeek4\Screenshot\20220617_152240.png'height="500" width="1100"/>]]>
  </system-out>
  <testcase classname="com.nexsoft.examweek4.TestRegisterAndLogin" name="testLoginWithEmptyUserAndEmptyPassword" time="1.766"/>
  <system-out>
    <![CDATA[<img src='file://D:\ExamWeek4\Screenshot\20220617_152242.png'height="500" width="1100"/>]]>
  </system-out>
  <testcase classname="com.nexsoft.examweek4.TestRegisterAndLogin" name="testLoginWithEmptyUserAndValidPassword" time="1.910"/>
  <system-out>
    <![CDATA[<img src='file://D:\ExamWeek4\Screenshot\20220617_152244.png'height="500" width="1100"/>]]>
  </system-out>
  <testcase classname="com.nexsoft.examweek4.TestRegisterAndLogin" name="testLoginWithValidUserAndEmptyPassword" time="1.808"/>
  <system-out>
    <![CDATA[<img src='file://D:\ExamWeek4\Screenshot\20220617_152246.png'height="500" width="1100"/>]]>
  </system-out>
</testsuite> <!-- com.nexsoft.examweek4.TestRegisterAndLogin -->
