<?xml version="1.0" encoding="UTF-8"?>
<!-- Generated by org.testng.reporters.JUnitReportReporter -->
<testsuite hostname="LAPTOP-INFITVQT" failures="0" tests="13" name="com.nexsoft.cicool.TestRegisterFunction" time="39.425" errors="0" timestamp="2022-06-17T15:17:38 WIB" skipped="0">
  <testcase classname="com.nexsoft.cicool.TestRegisterFunction" name="testButtonEnterTheStore" time="3.174"/>
  <system-out>
    <![CDATA[<img src='file://D:\ExamWeek4\Screenshot\20220617_151702.png'height="500" width="1100"/>]]>
  </system-out>
  <testcase classname="com.nexsoft.cicool.TestRegisterFunction" name="testButtonSignIn" time="2.767"/>
  <system-out>
    <![CDATA[<img src='file://D:\ExamWeek4\Screenshot\20220617_151705.png'height="500" width="1100"/>]]>
  </system-out>
  <testcase classname="com.nexsoft.cicool.TestRegisterFunction" name="testButtonRegisterNow" time="3.132"/>
  <system-out>
    <![CDATA[<img src='file://D:\ExamWeek4\Screenshot\20220617_151708.png'height="500" width="1100"/>]]>
  </system-out>
  <testcase classname="com.nexsoft.cicool.TestRegisterFunction" name="testRegisterWithValidUserInformation" time="5.189"/>
  <system-out>
    <![CDATA[<img src='file://D:\ExamWeek4\Screenshot\20220617_151713.png'height="500" width="1100"/>]]>
  </system-out>
  <testcase classname="com.nexsoft.cicool.TestRegisterFunction" name="testRegisterUserIdYangSudahTerdaftar" time="5.082"/>
  <system-out>
    <![CDATA[<img src='file://D:\ExamWeek4\Screenshot\20220617_151723.png'height="500" width="1100"/>]]>
  </system-out>
  <testcase classname="com.nexsoft.cicool.TestRegisterFunction" name="testRegisterEmailYangSudahTerdaftar" time="5.060"/>
  <system-out>
    <![CDATA[<img src='file://D:\ExamWeek4\Screenshot\20220617_151718.png'height="500" width="1100"/>]]>
  </system-out>
  <testcase classname="com.nexsoft.cicool.TestRegisterFunction" name="testLoginWithValidUserAndPassword" time="4.016"/>
  <system-out>
    <![CDATA[<img src='file://D:\ExamWeek4\Screenshot\20220617_151727.png'height="500" width="1100"/>]]>
  </system-out>
  <testcase classname="com.nexsoft.cicool.TestRegisterFunction" name="testLoginWithValidUserAndInvalidPassword" time="1.781"/>
  <system-out>
    <![CDATA[<img src='file://D:\ExamWeek4\Screenshot\20220617_151729.png'height="500" width="1100"/>]]>
  </system-out>
  <testcase classname="com.nexsoft.cicool.TestRegisterFunction" name="testLoginWithInvalidUserAndValidPassword" time="1.971"/>
  <system-out>
    <![CDATA[<img src='file://D:\ExamWeek4\Screenshot\20220617_151731.png'height="500" width="1100"/>]]>
  </system-out>
  <testcase classname="com.nexsoft.cicool.TestRegisterFunction" name="testLoginWithInvalidUserAndInvalidPassword" time="1.817"/>
  <system-out>
    <![CDATA[<img src='file://D:\ExamWeek4\Screenshot\20220617_151733.png'height="500" width="1100"/>]]>
  </system-out>
  <testcase classname="com.nexsoft.cicool.TestRegisterFunction" name="testLoginWithEmptyUserAndEmptyPassword" time="1.812"/>
  <system-out>
    <![CDATA[<img src='file://D:\ExamWeek4\Screenshot\20220617_151734.png'height="500" width="1100"/>]]>
  </system-out>
  <testcase classname="com.nexsoft.cicool.TestRegisterFunction" name="testLoginWithEmptyUserAndValidPassword" time="1.810"/>
  <system-out>
    <![CDATA[<img src='file://D:\ExamWeek4\Screenshot\20220617_151736.png'height="500" width="1100"/>]]>
  </system-out>
  <testcase classname="com.nexsoft.cicool.TestRegisterFunction" name="testLoginWithValidUserAndEmptyPassword" time="1.814"/>
  <system-out>
    <![CDATA[<img src='file://D:\ExamWeek4\Screenshot\20220617_151738.png'height="500" width="1100"/>]]>
  </system-out>
</testsuite> <!-- com.nexsoft.cicool.TestRegisterFunction -->
