<?xml version="1.0" encoding="UTF-8"?>
<!-- Generated by org.testng.reporters.JUnitReportReporter -->
<testsuite hostname="LAPTOP-INFITVQT" failures="0" tests="5" name="com.nexsoft.cicool.TestLoginFunction" time="16.488" errors="0" timestamp="2022-06-15T22:18:23 WIB" skipped="0">
  <testcase classname="com.nexsoft.cicool.TestLoginFunction" name="testLoginWithValidUserAndPassword" time="4.207"/>
  <system-out>
    <![CDATA[<img src='file://D:\selenium-workspace\CicoolPOM\hasilScreenshot\20220615_221811.png'height="500" width="1100"/>]]>
  </system-out>
  <testcase classname="com.nexsoft.cicool.TestLoginFunction" name="testLoginWithValidUserAndInvalidPassword" time="4.082"/>
  <system-out>
    <![CDATA[<img src='file://D:\selenium-workspace\CicoolPOM\hasilScreenshot\20220615_221815.png'height="500" width="1100"/>]]>
  </system-out>
  <testcase classname="com.nexsoft.cicool.TestLoginFunction" name="testLoginWithInvalidUserAndValidPassword" time="2.909"/>
  <system-out>
    <![CDATA[<img src='file://D:\selenium-workspace\CicoolPOM\hasilScreenshot\20220615_221818.png'height="500" width="1100"/>]]>
  </system-out>
  <testcase classname="com.nexsoft.cicool.TestLoginFunction" name="testLoginWithEmptyUserAndPassword" time="2.863"/>
  <system-out>
    <![CDATA[<img src='file://D:\selenium-workspace\CicoolPOM\hasilScreenshot\20220615_221820.png'height="500" width="1100"/>]]>
  </system-out>
  <testcase classname="com.nexsoft.cicool.TestLoginFunction" name="testLoginForgotPassword" time="2.427"/>
  <system-out>
    <![CDATA[<img src='file://D:\selenium-workspace\CicoolPOM\hasilScreenshot\20220615_221823.png'height="500" width="1100"/>]]>
  </system-out>
</testsuite> <!-- com.nexsoft.cicool.TestLoginFunction -->
